[1 of 2] Compiling Main             ( C:\Users\wuaiw\AppData\Local\Temp\stack4476\comonad-5.0.2\Setup.lhs, C:\Users\wuaiw\AppData\Local\Temp\stack4476\comonad-5.0.2\.stack-work\dist\5c8418a7\setup\Main.o )
[2 of 2] Compiling StackSetupShim   ( C:\sr\setup-exe-src\setup-shim-Z6RU0evB.hs, C:\Users\wuaiw\AppData\Local\Temp\stack4476\comonad-5.0.2\.stack-work\dist\5c8418a7\setup\StackSetupShim.o )
Linking C:\Users\wuaiw\AppData\Local\Temp\stack4476\comonad-5.0.2\.stack-work\dist\5c8418a7\setup\setup.exe ...
Configuring comonad-5.0.2...
Preprocessing library for comonad-5.0.2..
Building library for comonad-5.0.2..
[ 1 of 15] Compiling Control.Comonad  ( src\Control\Comonad.hs, .stack-work\dist\5c8418a7\build\Control\Comonad.o )
[ 2 of 15] Compiling Control.Comonad.Hoist.Class ( src\Control\Comonad\Hoist\Class.hs, .stack-work\dist\5c8418a7\build\Control\Comonad\Hoist\Class.o )
[ 3 of 15] Compiling Control.Comonad.Trans.Class ( src\Control\Comonad\Trans\Class.hs, .stack-work\dist\5c8418a7\build\Control\Comonad\Trans\Class.o )
[ 4 of 15] Compiling Control.Comonad.Trans.Env ( src\Control\Comonad\Trans\Env.hs, .stack-work\dist\5c8418a7\build\Control\Comonad\Trans\Env.o )
[ 5 of 15] Compiling Control.Comonad.Trans.Identity ( src\Control\Comonad\Trans\Identity.hs, .stack-work\dist\5c8418a7\build\Control\Comonad\Trans\Identity.o )
[ 6 of 15] Compiling Control.Comonad.Identity ( src\Control\Comonad\Identity.hs, .stack-work\dist\5c8418a7\build\Control\Comonad\Identity.o )
[ 7 of 15] Compiling Control.Comonad.Trans.Store ( src\Control\Comonad\Trans\Store.hs, .stack-work\dist\5c8418a7\build\Control\Comonad\Trans\Store.o )
[ 8 of 15] Compiling Control.Comonad.Trans.Traced ( src\Control\Comonad\Trans\Traced.hs, .stack-work\dist\5c8418a7\build\Control\Comonad\Trans\Traced.o )
[ 9 of 15] Compiling Control.Comonad.Traced.Class ( src\Control\Comonad\Traced\Class.hs, .stack-work\dist\5c8418a7\build\Control\Comonad\Traced\Class.o )
[10 of 15] Compiling Control.Comonad.Traced ( src\Control\Comonad\Traced.hs, .stack-work\dist\5c8418a7\build\Control\Comonad\Traced.o )
[11 of 15] Compiling Control.Comonad.Store.Class ( src\Control\Comonad\Store\Class.hs, .stack-work\dist\5c8418a7\build\Control\Comonad\Store\Class.o )
[12 of 15] Compiling Control.Comonad.Store ( src\Control\Comonad\Store.hs, .stack-work\dist\5c8418a7\build\Control\Comonad\Store.o )
[13 of 15] Compiling Control.Comonad.Env.Class ( src\Control\Comonad\Env\Class.hs, .stack-work\dist\5c8418a7\build\Control\Comonad\Env\Class.o )
[14 of 15] Compiling Control.Comonad.Env ( src\Control\Comonad\Env.hs, .stack-work\dist\5c8418a7\build\Control\Comonad\Env.o )
[15 of 15] Compiling Data.Functor.Composition ( src\Data\Functor\Composition.hs, .stack-work\dist\5c8418a7\build\Data\Functor\Composition.o )
Installing library in C:\sr\snapshots\13cecb13\lib\x86_64-windows-ghc-8.2.2\comonad-5.0.2-K8CfXcf8sXVEHCSl8eTXEp
Registering library for comonad-5.0.2..
