Configuring profunctors-5.2.1...
Preprocessing library for profunctors-5.2.1..
Building library for profunctors-5.2.1..
[ 1 of 16] Compiling Data.Profunctor.Unsafe ( src\Data\Profunctor\Unsafe.hs, .stack-work\dist\5c8418a7\build\Data\Profunctor\Unsafe.o )
[ 2 of 16] Compiling Data.Profunctor.Types ( src\Data\Profunctor\Types.hs, .stack-work\dist\5c8418a7\build\Data\Profunctor\Types.o )
[ 3 of 16] Compiling Data.Profunctor.Monad ( src\Data\Profunctor\Monad.hs, .stack-work\dist\5c8418a7\build\Data\Profunctor\Monad.o )
[ 4 of 16] Compiling Data.Profunctor.Adjunction ( src\Data\Profunctor\Adjunction.hs, .stack-work\dist\5c8418a7\build\Data\Profunctor\Adjunction.o )
[ 5 of 16] Compiling Data.Profunctor.Strong ( src\Data\Profunctor\Strong.hs, .stack-work\dist\5c8418a7\build\Data\Profunctor\Strong.o )
[ 6 of 16] Compiling Data.Profunctor.Closed ( src\Data\Profunctor\Closed.hs, .stack-work\dist\5c8418a7\build\Data\Profunctor\Closed.o )
[ 7 of 16] Compiling Data.Profunctor.Choice ( src\Data\Profunctor\Choice.hs, .stack-work\dist\5c8418a7\build\Data\Profunctor\Choice.o )
[ 8 of 16] Compiling Data.Profunctor.Traversing ( src\Data\Profunctor\Traversing.hs, .stack-work\dist\5c8418a7\build\Data\Profunctor\Traversing.o )
[ 9 of 16] Compiling Data.Profunctor.Mapping ( src\Data\Profunctor\Mapping.hs, .stack-work\dist\5c8418a7\build\Data\Profunctor\Mapping.o )
[10 of 16] Compiling Data.Profunctor  ( src\Data\Profunctor.hs, .stack-work\dist\5c8418a7\build\Data\Profunctor.o )
[11 of 16] Compiling Data.Profunctor.Sieve ( src\Data\Profunctor\Sieve.hs, .stack-work\dist\5c8418a7\build\Data\Profunctor\Sieve.o )
[12 of 16] Compiling Data.Profunctor.Rep ( src\Data\Profunctor\Rep.hs, .stack-work\dist\5c8418a7\build\Data\Profunctor\Rep.o )
[13 of 16] Compiling Data.Profunctor.Composition ( src\Data\Profunctor\Composition.hs, .stack-work\dist\5c8418a7\build\Data\Profunctor\Composition.o )

[;1msrc\Data\Profunctor\Composition.hs:49:1: [;1m[35mwarning:[0m[0m[;1m [[;1m[35m-Wunused-imports[0m[0m[;1m][0m[0m[;1m
    The import of `Data.Profunctor.Mapping' is redundant
      except perhaps to import instances from `Data.Profunctor.Mapping'
    To import instances alone, use: import Data.Profunctor.Mapping()[0m[0m
[;1m[34m   |[0m[0m
[;1m[34m49 |[0m[0m [;1m[35mimport Data.Profunctor.Mapping[0m[0m
[;1m[34m   |[0m[0m[;1m[35m ^^^^^^^^^^^^^^^^^^^^^^^^^^^^^^[0m[0m
[0m[0m[0m[14 of 16] Compiling Data.Profunctor.Ran ( src\Data\Profunctor\Ran.hs, .stack-work\dist\5c8418a7\build\Data\Profunctor\Ran.o )
[15 of 16] Compiling Data.Profunctor.Cayley ( src\Data\Profunctor\Cayley.hs, .stack-work\dist\5c8418a7\build\Data\Profunctor\Cayley.o )
[16 of 16] Compiling Data.Profunctor.Yoneda ( src\Data\Profunctor\Yoneda.hs, .stack-work\dist\5c8418a7\build\Data\Profunctor\Yoneda.o )
Installing library in C:\sr\snapshots\13cecb13\lib\x86_64-windows-ghc-8.2.2\profunctors-5.2.1-Fcjd9U45ARX1gsEOiCUDdn
Registering library for profunctors-5.2.1..
