Configuring tasty-0.11.3...
Preprocessing library for tasty-0.11.3..
Building library for tasty-0.11.3..

[;1mTest\Tasty\Options.hs:3:14: [;1m[35mwarning:[0m[0m[;1m[0m[0m[;1m
    -XOverlappingInstances is deprecated: instead use per-instance pragmas OVERLAPPING/OVERLAPPABLE/OVERLAPS[0m[0m
[;1m[34m  |[0m[0m
[;1m[34m3 |[0m[0m              [;1m[35mOverlappingInstances[0m[0m, FlexibleInstances, UndecidableInstances,
[;1m[34m  |[0m[0m[;1m[35m              ^^^^^^^^^^^^^^^^^^^^[0m[0m
[0m[0m[0m[ 1 of 18] Compiling Test.Tasty.Options ( Test\Tasty\Options.hs, .stack-work\dist\5c8418a7\build\Test\Tasty\Options.o )
[ 2 of 18] Compiling Test.Tasty.Parallel ( Test\Tasty\Parallel.hs, .stack-work\dist\5c8418a7\build\Test\Tasty\Parallel.o )
[ 3 of 18] Compiling Test.Tasty.Patterns ( Test\Tasty\Patterns.hs, .stack-work\dist\5c8418a7\build\Test\Tasty\Patterns.o )

[;1mTest\Tasty\Patterns.hs:47:1: [;1m[35mwarning:[0m[0m[;1m [[;1m[35m-Wunused-imports[0m[0m[;1m][0m[0m[;1m
    The import of `Data.Tagged' is redundant
      except perhaps to import instances from `Data.Tagged'
    To import instances alone, use: import Data.Tagged()[0m[0m
[;1m[34m   |[0m[0m
[;1m[34m47 |[0m[0m [;1m[35mimport Data.Tagged[0m[0m
[;1m[34m   |[0m[0m[;1m[35m ^^^^^^^^^^^^^^^^^^[0m[0m
[0m[0m[0m
[;1mTest\Tasty\Patterns.hs:50:1: [;1m[35mwarning:[0m[0m[;1m [[;1m[35m-Wunused-imports[0m[0m[;1m][0m[0m[;1m
    The import of `Data.Monoid' is redundant
      except perhaps to import instances from `Data.Monoid'
    To import instances alone, use: import Data.Monoid()[0m[0m
[;1m[34m   |[0m[0m
[;1m[34m50 |[0m[0m [;1m[35mimport Data.Monoid[0m[0m
[;1m[34m   |[0m[0m[;1m[35m ^^^^^^^^^^^^^^^^^^[0m[0m
[0m[0m[0m[ 4 of 18] Compiling Test.Tasty.Options.Core ( Test\Tasty\Options\Core.hs, .stack-work\dist\5c8418a7\build\Test\Tasty\Options\Core.o )

[;1mTest\Tasty\Options\Core.hs:15:1: [;1m[35mwarning:[0m[0m[;1m [[;1m[35m-Wunused-imports[0m[0m[;1m][0m[0m[;1m
    The import of `Data.Tagged' is redundant
      except perhaps to import instances from `Data.Tagged'
    To import instances alone, use: import Data.Tagged()[0m[0m
[;1m[34m   |[0m[0m
[;1m[34m15 |[0m[0m [;1m[35mimport Data.Tagged[0m[0m
[;1m[34m   |[0m[0m[;1m[35m ^^^^^^^^^^^^^^^^^^[0m[0m
[0m[0m[0m
[;1mTest\Tasty\Options\Core.hs:17:1: [;1m[35mwarning:[0m[0m[;1m [[;1m[35m-Wunused-imports[0m[0m[;1m][0m[0m[;1m
    The import of `Data.Monoid' is redundant
      except perhaps to import instances from `Data.Monoid'
    To import instances alone, use: import Data.Monoid()[0m[0m
[;1m[34m   |[0m[0m
[;1m[34m17 |[0m[0m [;1m[35mimport Data.Monoid[0m[0m
[;1m[34m   |[0m[0m[;1m[35m ^^^^^^^^^^^^^^^^^^[0m[0m
[0m[0m[0m[ 5 of 18] Compiling Test.Tasty.Core  ( Test\Tasty\Core.hs, .stack-work\dist\5c8418a7\build\Test\Tasty\Core.o )
[ 6 of 18] Compiling Test.Tasty.Providers ( Test\Tasty\Providers.hs, .stack-work\dist\5c8418a7\build\Test\Tasty\Providers.o )
[ 7 of 18] Compiling Test.Tasty.Runners.Reducers ( Test\Tasty\Runners\Reducers.hs, .stack-work\dist\5c8418a7\build\Test\Tasty\Runners\Reducers.o )
[ 8 of 18] Compiling Test.Tasty.Run   ( Test\Tasty\Run.hs, .stack-work\dist\5c8418a7\build\Test\Tasty\Run.o )

[;1mTest\Tasty\Run.hs:307:25: [;1m[35mwarning:[0m[0m[;1m [[;1m[35m-Wdeprecations[0m[0m[;1m][0m[0m[;1m
    In the use of `timeSpecAsNanoSecs' (imported from System.Clock):
    Deprecated: "Use toNanoSecs instead! Replaced timeSpecAsNanoSecs with the same signature TimeSpec -> Integer"[0m[0m
[;1m[34m    |[0m[0m
[;1m[34m307 |[0m[0m   let ns = realToFrac $ [;1m[35mClock.timeSpecAsNanoSecs[0m[0m t
[;1m[34m    |[0m[0m[;1m[35m                         ^^^^^^^^^^^^^^^^^^^^^^^^[0m[0m
[0m[0m[0m[ 9 of 18] Compiling Test.Tasty.Ingredients ( Test\Tasty\Ingredients.hs, .stack-work\dist\5c8418a7\build\Test\Tasty\Ingredients.o )
[10 of 18] Compiling Test.Tasty.Ingredients.ListTests ( Test\Tasty\Ingredients\ListTests.hs, .stack-work\dist\5c8418a7\build\Test\Tasty\Ingredients\ListTests.o )

[;1mTest\Tasty\Ingredients\ListTests.hs:11:1: [;1m[35mwarning:[0m[0m[;1m [[;1m[35m-Wunused-imports[0m[0m[;1m][0m[0m[;1m
    The import of `Data.Monoid' is redundant
      except perhaps to import instances from `Data.Monoid'
    To import instances alone, use: import Data.Monoid()[0m[0m
[;1m[34m   |[0m[0m
[;1m[34m11 |[0m[0m [;1m[35mimport Data.Monoid[0m[0m
[;1m[34m   |[0m[0m[;1m[35m ^^^^^^^^^^^^^^^^^^[0m[0m
[0m[0m[0m[11 of 18] Compiling Test.Tasty.Ingredients.IncludingOptions ( Test\Tasty\Ingredients\IncludingOptions.hs, .stack-work\dist\5c8418a7\build\Test\Tasty\Ingredients\IncludingOptions.o )
[12 of 18] Compiling Test.Tasty.Options.Env ( Test\Tasty\Options\Env.hs, .stack-work\dist\5c8418a7\build\Test\Tasty\Options\Env.o )
[13 of 18] Compiling Test.Tasty.CmdLine ( Test\Tasty\CmdLine.hs, .stack-work\dist\5c8418a7\build\Test\Tasty\CmdLine.o )
[14 of 18] Compiling Test.Tasty.Runners.Utils ( Test\Tasty\Runners\Utils.hs, .stack-work\dist\5c8418a7\build\Test\Tasty\Runners\Utils.o )
[15 of 18] Compiling Test.Tasty.Ingredients.ConsoleReporter ( Test\Tasty\Ingredients\ConsoleReporter.hs, .stack-work\dist\5c8418a7\build\Test\Tasty\Ingredients\ConsoleReporter.o )

[;1mTest\Tasty\Ingredients\ConsoleReporter.hs:42:1: [;1m[35mwarning:[0m[0m[;1m [[;1m[35m-Wunused-imports[0m[0m[;1m][0m[0m[;1m
    The import of `Data.Tagged' is redundant
      except perhaps to import instances from `Data.Tagged'
    To import instances alone, use: import Data.Tagged()[0m[0m
[;1m[34m   |[0m[0m
[;1m[34m42 |[0m[0m [;1m[35mimport Data.Tagged[0m[0m
[;1m[34m   |[0m[0m[;1m[35m ^^^^^^^^^^^^^^^^^^[0m[0m
[0m[0m[0m[16 of 18] Compiling Test.Tasty.Ingredients.Basic ( Test\Tasty\Ingredients\Basic.hs, .stack-work\dist\5c8418a7\build\Test\Tasty\Ingredients\Basic.o )
[17 of 18] Compiling Test.Tasty.Runners ( Test\Tasty\Runners.hs, .stack-work\dist\5c8418a7\build\Test\Tasty\Runners.o )
[18 of 18] Compiling Test.Tasty       ( Test\Tasty.hs, .stack-work\dist\5c8418a7\build\Test\Tasty.o )
Installing library in C:\sr\snapshots\13cecb13\lib\x86_64-windows-ghc-8.2.2\tasty-0.11.3-1rCH8XD2lYxG22Q6frPVif
Registering library for tasty-0.11.3..
