Configuring base-compat-0.9.3...
Building base-compat-0.9.3...
Preprocessing library base-compat-0.9.3...
[ 1 of 40] Compiling Text.Read.Compat ( src\Text\Read\Compat.hs, .stack-work\dist\ca59d0ab\build\Text\Read\Compat.o )
[ 2 of 40] Compiling System.IO.Unsafe.Compat ( src\System\IO\Unsafe\Compat.hs, .stack-work\dist\ca59d0ab\build\System\IO\Unsafe\Compat.o )
[ 3 of 40] Compiling System.Exit.Compat ( src\System\Exit\Compat.hs, .stack-work\dist\ca59d0ab\build\System\Exit\Compat.o )
[ 4 of 40] Compiling System.Environment.Compat ( src\System\Environment\Compat.hs, .stack-work\dist\ca59d0ab\build\System\Environment\Compat.o )
[ 5 of 40] Compiling Prelude.Compat   ( src\Prelude\Compat.hs, .stack-work\dist\ca59d0ab\build\Prelude\Compat.o )
[ 6 of 40] Compiling Numeric.Compat   ( src\Numeric\Compat.hs, .stack-work\dist\ca59d0ab\build\Numeric\Compat.o )
[ 7 of 40] Compiling Foreign.Marshal.Utils.Compat ( src\Foreign\Marshal\Utils\Compat.hs, .stack-work\dist\ca59d0ab\build\Foreign\Marshal\Utils\Compat.o )
[ 8 of 40] Compiling Foreign.Marshal.Unsafe.Compat ( src\Foreign\Marshal\Unsafe\Compat.hs, .stack-work\dist\ca59d0ab\build\Foreign\Marshal\Unsafe\Compat.o )
[ 9 of 40] Compiling Foreign.Marshal.Safe.Compat ( src\Foreign\Marshal\Safe\Compat.hs, .stack-work\dist\ca59d0ab\build\Foreign\Marshal\Safe\Compat.o )
[10 of 40] Compiling Foreign.Marshal.Array.Compat ( src\Foreign\Marshal\Array\Compat.hs, .stack-work\dist\ca59d0ab\build\Foreign\Marshal\Array\Compat.o )
[11 of 40] Compiling Foreign.Marshal.Alloc.Compat ( src\Foreign\Marshal\Alloc\Compat.hs, .stack-work\dist\ca59d0ab\build\Foreign\Marshal\Alloc\Compat.o )
[12 of 40] Compiling Foreign.Marshal.Compat ( src\Foreign\Marshal\Compat.hs, .stack-work\dist\ca59d0ab\build\Foreign\Marshal\Compat.o )
[13 of 40] Compiling Foreign.ForeignPtr.Unsafe.Compat ( src\Foreign\ForeignPtr\Unsafe\Compat.hs, .stack-work\dist\ca59d0ab\build\Foreign\ForeignPtr\Unsafe\Compat.o )
[14 of 40] Compiling Foreign.ForeignPtr.Safe.Compat ( src\Foreign\ForeignPtr\Safe\Compat.hs, .stack-work\dist\ca59d0ab\build\Foreign\ForeignPtr\Safe\Compat.o )
[15 of 40] Compiling Foreign.ForeignPtr.Compat ( src\Foreign\ForeignPtr\Compat.hs, .stack-work\dist\ca59d0ab\build\Foreign\ForeignPtr\Compat.o )
[16 of 40] Compiling Foreign.Compat   ( src\Foreign\Compat.hs, .stack-work\dist\ca59d0ab\build\Foreign\Compat.o )
[17 of 40] Compiling Debug.Trace.Compat ( src\Debug\Trace\Compat.hs, .stack-work\dist\ca59d0ab\build\Debug\Trace\Compat.o )
[18 of 40] Compiling Data.Word.Compat ( src\Data\Word\Compat.hs, .stack-work\dist\ca59d0ab\build\Data\Word\Compat.o )
[19 of 40] Compiling Data.Version.Compat ( src\Data\Version\Compat.hs, .stack-work\dist\ca59d0ab\build\Data\Version\Compat.o )
[20 of 40] Compiling Data.Type.Coercion.Compat ( src\Data\Type\Coercion\Compat.hs, .stack-work\dist\ca59d0ab\build\Data\Type\Coercion\Compat.o )
[21 of 40] Compiling Data.String.Compat ( src\Data\String\Compat.hs, .stack-work\dist\ca59d0ab\build\Data\String\Compat.o )
[22 of 40] Compiling Data.STRef.Compat ( src\Data\STRef\Compat.hs, .stack-work\dist\ca59d0ab\build\Data\STRef\Compat.o )
[23 of 40] Compiling Data.Ratio.Compat ( src\Data\Ratio\Compat.hs, .stack-work\dist\ca59d0ab\build\Data\Ratio\Compat.o )
[24 of 40] Compiling Data.Proxy.Compat ( src\Data\Proxy\Compat.hs, .stack-work\dist\ca59d0ab\build\Data\Proxy\Compat.o )
[25 of 40] Compiling Data.Monoid.Compat ( src\Data\Monoid\Compat.hs, .stack-work\dist\ca59d0ab\build\Data\Monoid\Compat.o )
[26 of 40] Compiling Data.List.Compat ( src\Data\List\Compat.hs, .stack-work\dist\ca59d0ab\build\Data\List\Compat.o )
[27 of 40] Compiling Data.IORef.Compat ( src\Data\IORef\Compat.hs, .stack-work\dist\ca59d0ab\build\Data\IORef\Compat.o )
[28 of 40] Compiling Data.Functor.Const.Compat ( src\Data\Functor\Const\Compat.hs, .stack-work\dist\ca59d0ab\build\Data\Functor\Const\Compat.o )
[29 of 40] Compiling Data.Functor.Compat ( src\Data\Functor\Compat.hs, .stack-work\dist\ca59d0ab\build\Data\Functor\Compat.o )
[30 of 40] Compiling Data.Function.Compat ( src\Data\Function\Compat.hs, .stack-work\dist\ca59d0ab\build\Data\Function\Compat.o )
[31 of 40] Compiling Data.Foldable.Compat ( src\Data\Foldable\Compat.hs, .stack-work\dist\ca59d0ab\build\Data\Foldable\Compat.o )
[32 of 40] Compiling Data.Either.Compat ( src\Data\Either\Compat.hs, .stack-work\dist\ca59d0ab\build\Data\Either\Compat.o )
[33 of 40] Compiling Data.Complex.Compat ( src\Data\Complex\Compat.hs, .stack-work\dist\ca59d0ab\build\Data\Complex\Compat.o )
[34 of 40] Compiling Data.Bool.Compat ( src\Data\Bool\Compat.hs, .stack-work\dist\ca59d0ab\build\Data\Bool\Compat.o )
[35 of 40] Compiling Data.Bits.Compat ( src\Data\Bits\Compat.hs, .stack-work\dist\ca59d0ab\build\Data\Bits\Compat.o )
[36 of 40] Compiling Control.Monad.ST.Unsafe.Compat ( src\Control\Monad\ST\Unsafe\Compat.hs, .stack-work\dist\ca59d0ab\build\Control\Monad\ST\Unsafe\Compat.o )
[37 of 40] Compiling Control.Monad.ST.Lazy.Unsafe.Compat ( src\Control\Monad\ST\Lazy\Unsafe\Compat.hs, .stack-work\dist\ca59d0ab\build\Control\Monad\ST\Lazy\Unsafe\Compat.o )
[38 of 40] Compiling Control.Monad.Compat ( src\Control\Monad\Compat.hs, .stack-work\dist\ca59d0ab\build\Control\Monad\Compat.o )
[39 of 40] Compiling Control.Concurrent.MVar.Compat ( src\Control\Concurrent\MVar\Compat.hs, .stack-work\dist\ca59d0ab\build\Control\Concurrent\MVar\Compat.o )
[40 of 40] Compiling Control.Concurrent.Compat ( src\Control\Concurrent\Compat.hs, .stack-work\dist\ca59d0ab\build\Control\Concurrent\Compat.o )
Installing library in
C:\sr\snapshots\518da490\lib\x86_64-windows-ghc-8.0.2\base-compat-0.9.3-m1TEyTenyr5nJN40TpHVj
Registering base-compat-0.9.3...
